[handleMsg]:  {
  key: {
    remoteJid: '5493513118613@s.whatsapp.net',
    fromMe: false,
    id: '3EB05183F758636271B71F',
    participant: undefined
  },
  messageTimestamp: 1694222358,
  pushName: 'g',
  broadcast: false,
  message: Message {
    extendedTextMessage: ExtendedTextMessage {
      text: 'lento',
      contextInfo: [ContextInfo],
      inviteLinkGroupTypeV2: 0
    },
    messageContextInfo: MessageContextInfo {
      deviceListMetadata: [DeviceListMetadata],
      deviceListMetadataVersion: 2
    }
  },
  body: 'lento',
  from: '5493513118613'
}
[QUEUE_SE_ENVIO]:  {
  ref: 'ans_913b294c-964c-483c-bd7b-2d939166fc71',
  keyword: 'key_befb55fa-874f-4690-ada8-58e50dcb1a2f',
  answer: 'Bienvenido al ChatBotUTN escribe *"menu"* para ver las opciones',
  options: {
    media: null,
    buttons: [],
    capture: true,
    child: null,
    delay: 0,
    nested: [],
    keyword: {},
    callback: true
  },
  refSerialize: '467b14cffa3b9764c9716a831100df9f'
}
[handleMsg]:  {
  key: {
    remoteJid: '5493513118613@s.whatsapp.net',
    fromMe: false,
    id: '3EB09C4F845C9315D03F63',
    participant: undefined
  },
  messageTimestamp: 1694222361,
  pushName: 'g',
  broadcast: false,
  message: Message {
    extendedTextMessage: ExtendedTextMessage {
      text: 'menu',
      contextInfo: [ContextInfo],
      inviteLinkGroupTypeV2: 0
    },
    messageContextInfo: MessageContextInfo {
      deviceListMetadata: [DeviceListMetadata],
      deviceListMetadataVersion: 2
    }
  },
  body: 'menu',
  from: '5493513118613'
}
[handleMsg]:  {
  key: {
    remoteJid: '5493513118613@s.whatsapp.net',
    fromMe: false,
    id: '3EB0B2917D21D016764B19',
    participant: undefined
  },
  messageTimestamp: 1694222370,
  pushName: 'g',
  broadcast: false,
  message: Message {
    extendedTextMessage: ExtendedTextMessage {
      text: 'menur',
      contextInfo: [ContextInfo],
      inviteLinkGroupTypeV2: 0
    },
    messageContextInfo: MessageContextInfo {
      deviceListMetadata: [DeviceListMetadata],
      deviceListMetadataVersion: 2
    }
  },
  body: 'menur',
  from: '5493513118613'
}
[handleMsg]:  {
  key: {
    remoteJid: '5493513118613@s.whatsapp.net',
    fromMe: false,
    id: '3EB0E07ED1189E64F0C8F3',
    participant: undefined
  },
  messageTimestamp: 1694222376,
  pushName: 'g',
  broadcast: false,
  message: Message {
    extendedTextMessage: ExtendedTextMessage {
      text: 'menu',
      contextInfo: [ContextInfo],
      inviteLinkGroupTypeV2: 0
    },
    messageContextInfo: MessageContextInfo {
      deviceListMetadata: [DeviceListMetadata],
      deviceListMetadataVersion: 2
    }
  },
  body: 'menu',
  from: '5493513118613'
}
[handleMsg]:  {
  key: {
    remoteJid: '5493513118613@s.whatsapp.net',
    fromMe: false,
    id: '3EB050E51EA0E569E68713',
    participant: undefined
  },
  messageTimestamp: 1694222385,
  pushName: 'g',
  broadcast: false,
  message: Message {
    extendedTextMessage: ExtendedTextMessage {
      text: 'aloha',
      contextInfo: [ContextInfo],
      inviteLinkGroupTypeV2: 0
    },
    messageContextInfo: MessageContextInfo {
      deviceListMetadata: [DeviceListMetadata],
      deviceListMetadataVersion: 2
    }
  },
  body: 'aloha',
  from: '5493513118613'
}
[handleMsg]:  {
  key: {
    remoteJid: '5493513118613@s.whatsapp.net',
    fromMe: false,
    id: '3EB0E6F58DDEB47200EFDA',
    participant: undefined
  },
  messageTimestamp: 1694222390,
  pushName: 'g',
  broadcast: false,
  message: Message {
    extendedTextMessage: ExtendedTextMessage {
      text: 'ojo',
      contextInfo: [ContextInfo],
      inviteLinkGroupTypeV2: 0
    },
    messageContextInfo: MessageContextInfo {
      deviceListMetadata: [DeviceListMetadata],
      deviceListMetadataVersion: 2
    }
  },
  body: 'ojo',
  from: '5493513118613'
}
[handleMsg]:  {
  key: {
    remoteJid: '5493513118613@s.whatsapp.net',
    fromMe: false,
    id: '3EB0174A58122A3D40BDF7',
    participant: undefined
  },
  messageTimestamp: 1694222397,
  pushName: 'g',
  broadcast: false,
  message: Message {
    extendedTextMessage: ExtendedTextMessage {
      text: 'representante',
      contextInfo: [ContextInfo],
      inviteLinkGroupTypeV2: 0
    },
    messageContextInfo: MessageContextInfo {
      deviceListMetadata: [DeviceListMetadata],
      deviceListMetadataVersion: 2
    }
  },
  body: 'representante',
  from: '5493513118613'
}
[handleMsg]:  {
  key: {
    remoteJid: '5493513118613@s.whatsapp.net',
    fromMe: false,
    id: '3EB0E380358DEB217856DC',
    participant: undefined
  },
  messageTimestamp: 1694222399,
  pushName: 'g',
  broadcast: false,
  message: Message {
    extendedTextMessage: ExtendedTextMessage {
      text: '1',
      contextInfo: [ContextInfo],
      inviteLinkGroupTypeV2: 0
    },
    messageContextInfo: MessageContextInfo {
      deviceListMetadata: [DeviceListMetadata],
      deviceListMetadataVersion: 2
    }
  },
  body: '1',
  from: '5493513118613'
}
[QUEUE_SE_ENVIO]:  {
  ref: 'ans_ea32a4be-48e3-4d56-81f9-d2f48c790ecd',
  keyword: 'key_a507932b-1f14-4a41-a075-d942f9c479ac',
  answer: 'Menú Cursos\n' +
    '\n' +
    '1 - ¿Cómo inscribirse a un curso?\n' +
    '2 - ¿En qué fecha y horarios comienza tal curso?\n' +
    '3 - ¿Cómo abono el curso?\n' +
    '4 - ¿Cómo sé sabe el precio del curso?\n' +
    '5 - ¿De qué tratan los cursos y cuales son sus temarios?\n' +
    '\n' +
    '0 - Volver al menú inicial',
  options: {
    media: null,
    buttons: [],
    capture: true,
    child: null,
    delay: 0,
    nested: [
      [Object], [Object],
      [Object], [Object],
      [Object], [Object],
      [Object], [Object],
      [Object], [Object]
    ],
    keyword: {},
    callback: true
  },
  refSerialize: 'd53322f8d51f867f9fdea11a83c50d57'
}
[handleMsg]:  {
  key: {
    remoteJid: '5493513118613@s.whatsapp.net',
    fromMe: false,
    id: '3EB04E005998D710C57953',
    participant: undefined
  },
  messageTimestamp: 1694222402,
  pushName: 'g',
  broadcast: false,
  message: Message {
    extendedTextMessage: ExtendedTextMessage {
      text: '0',
      contextInfo: [ContextInfo],
      inviteLinkGroupTypeV2: 0
    },
    messageContextInfo: MessageContextInfo {
      deviceListMetadata: [DeviceListMetadata],
      deviceListMetadataVersion: 2
    }
  },
  body: '0',
  from: '5493513118613'
}
[handleMsg]:  {
  key: {
    remoteJid: '5493513118613@s.whatsapp.net',
    fromMe: false,
    id: '3EB0AAF5AB1F55B58E4C2A',
    participant: undefined
  },
  messageTimestamp: 1694222405,
  pushName: 'g',
  broadcast: false,
  message: Message {
    extendedTextMessage: ExtendedTextMessage {
      text: '2',
      contextInfo: [ContextInfo],
      inviteLinkGroupTypeV2: 0
    },
    messageContextInfo: MessageContextInfo {
      deviceListMetadata: [DeviceListMetadata],
      deviceListMetadataVersion: 2
    }
  },
  body: '2',
  from: '5493513118613'
}
[QUEUE_SE_ENVIO]:  {
  ref: 'ans_509c35a9-2b4a-43de-a7cb-18100e85fb87',
  keyword: 'key_294ccf5c-6dda-42b0-b39d-b5399b2193c7',
  answer: 'Menú Pagos\n' +
    '\n' +
    '1 - ¿Cuáles son las formas y medios de pago?\n' +
    '2 - ¿Cuándo puedo abonar?\n' +
    '\n' +
    '0 - Volver al menú inicial',
  options: {
    media: null,
    buttons: [],
    capture: true,
    child: null,
    delay: 0,
    nested: [ [Object], [Object], [Object], [Object] ],
    keyword: {},
    callback: true
  },
  refSerialize: 'd1d6457c0ebae48bf78865141a8bbf99'
}
[handleMsg]:  {
  key: {
    remoteJid: '5493513118613@s.whatsapp.net',
    fromMe: false,
    id: '3EB0E02EF39CF2D5B6025B',
    participant: undefined
  },
  messageTimestamp: 1694222408,
  pushName: 'g',
  broadcast: false,
  message: Message {
    extendedTextMessage: ExtendedTextMessage {
      text: 'aloha',
      contextInfo: [ContextInfo],
      inviteLinkGroupTypeV2: 0
    },
    messageContextInfo: MessageContextInfo {
      deviceListMetadata: [DeviceListMetadata],
      deviceListMetadataVersion: 2
    }
  },
  body: 'aloha',
  from: '5493513118613'
}
[handleMsg]:  {
  key: {
    remoteJid: '5493513118613@s.whatsapp.net',
    fromMe: false,
    id: '3EB0DD29984E803BE464B5',
    participant: undefined
  },
  messageTimestamp: 1694222411,
  pushName: 'g',
  broadcast: false,
  message: Message {
    extendedTextMessage: ExtendedTextMessage {
      text: 'remenu',
      contextInfo: [ContextInfo],
      inviteLinkGroupTypeV2: 0
    },
    messageContextInfo: MessageContextInfo {
      deviceListMetadata: [DeviceListMetadata],
      deviceListMetadataVersion: 2
    }
  },
  body: 'remenu',
  from: '5493513118613'
}
[handleMsg]:  {
  key: {
    remoteJid: '5493513118613@s.whatsapp.net',
    fromMe: false,
    id: '3EB0DBCEEAD567F157B053',
    participant: undefined
  },
  messageTimestamp: 1694222413,
  pushName: 'g',
  broadcast: false,
  message: Message {
    extendedTextMessage: ExtendedTextMessage {
      text: 'menu',
      contextInfo: [ContextInfo],
      inviteLinkGroupTypeV2: 0
    },
    messageContextInfo: MessageContextInfo {
      deviceListMetadata: [DeviceListMetadata],
      deviceListMetadataVersion: 2
    }
  },
  body: 'menu',
  from: '5493513118613'
}
[handleMsg]:  {
  key: {
    remoteJid: '5493513118613@s.whatsapp.net',
    fromMe: false,
    id: '3EB0F63CA23C04A244D053',
    participant: undefined
  },
  messageTimestamp: 1694222418,
  pushName: 'g',
  broadcast: false,
  message: Message {
    extendedTextMessage: ExtendedTextMessage {
      text: '1',
      contextInfo: [ContextInfo],
      inviteLinkGroupTypeV2: 0
    },
    messageContextInfo: MessageContextInfo {
      deviceListMetadata: [DeviceListMetadata],
      deviceListMetadataVersion: 2
    }
  },
  body: '1',
  from: '5493513118613'
}
[QUEUE_SE_ENVIO]:  {
  ref: 'ans_84d68f21-d452-46b1-b6ea-b43cab31e34c',
  keyword: 'key_4ee3f87b-a55c-4f7c-a544-9fba8db029f6',
  answer: '¿Cuáles son las formas de pago?\n' +
    '\n' +
    '-\tEn 1 pago o en Cuotas \n' +
    '\n' +
    '¿Cuáles son los medios de pago?\n' +
    '\n' +
    '-Mercado pago con: tarjeta de débito, tarjeta de crédito bancaria, transferencia.\n' +
    '-Homebanking: Transferencia Bancaria (solicitar los datos al siguiente e-mail capacitacion@red.frgp.utn.edu.ar)\n' +
    '-Depósito Bancario por cajero: (solicitar los datos al siguiente e-mail capacitacion@red.frgp.utn.edu.ar)\n' +
    '-Pago Fácil / Rapi Pago: Deberás descargar la orden de pago desde nuestra web de pagos https://op.frgp.utn.edu.ar/\n' +
    '\n' +
    ' Escriba *"menu"* para volver al menu principal\n' +
    'Si tienes mas dudas, escribe *"representante"* para contactarte con uno',
  options: {
    media: null,
    buttons: [],
    capture: true,
    child: null,
    delay: 0,
    nested: [ [Object], [Object] ],
    keyword: {},
    callback: true
  },
  refSerialize: '78d4a2ad86c15d79189e878300f3876f'
}
[handleMsg]:  {
  key: {
    remoteJid: '5493513118613@s.whatsapp.net',
    fromMe: false,
    id: '3EB0F76D91FBE4EF224210',
    participant: undefined
  },
  messageTimestamp: 1694222427,
  pushName: 'g',
  broadcast: false,
  message: Message {
    extendedTextMessage: ExtendedTextMessage {
      text: 'mrbnu',
      contextInfo: [ContextInfo],
      inviteLinkGroupTypeV2: 0
    },
    messageContextInfo: MessageContextInfo {
      deviceListMetadata: [DeviceListMetadata],
      deviceListMetadataVersion: 2
    }
  },
  body: 'mrbnu',
  from: '5493513118613'
}
[handleMsg]:  {
  key: {
    remoteJid: '5493513118613@s.whatsapp.net',
    fromMe: false,
    id: '3EB012E62DCF42FB957D4A',
    participant: undefined
  },
  messageTimestamp: 1694222431,
  pushName: 'g',
  broadcast: false,
  message: Message {
    extendedTextMessage: ExtendedTextMessage {
      text: 'Menu',
      contextInfo: [ContextInfo],
      inviteLinkGroupTypeV2: 0
    },
    messageContextInfo: MessageContextInfo {
      deviceListMetadata: [DeviceListMetadata],
      deviceListMetadataVersion: 2
    }
  },
  body: 'Menu',
  from: '5493513118613'
}
[handleMsg]:  {
  key: {
    remoteJid: '5493513118613@s.whatsapp.net',
    fromMe: false,
    id: '3EB0C3D5111990BBD4C17F',
    participant: undefined
  },
  messageTimestamp: 1694222433,
  pushName: 'g',
  broadcast: false,
  message: Message {
    extendedTextMessage: ExtendedTextMessage {
      text: 'menu',
      contextInfo: [ContextInfo],
      inviteLinkGroupTypeV2: 0
    },
    messageContextInfo: MessageContextInfo {
      deviceListMetadata: [DeviceListMetadata],
      deviceListMetadataVersion: 2
    }
  },
  body: 'menu',
  from: '5493513118613'
}
[handleMsg]:  {
  key: {
    remoteJid: '5493513118613@s.whatsapp.net',
    fromMe: false,
    id: '3EB0457F359309153B6AE0',
    participant: undefined
  },
  messageTimestamp: 1694222436,
  pushName: 'g',
  broadcast: false,
  message: Message {
    extendedTextMessage: ExtendedTextMessage {
      text: '`1[',
      contextInfo: [ContextInfo],
      inviteLinkGroupTypeV2: 0
    },
    messageContextInfo: MessageContextInfo {
      deviceListMetadata: [DeviceListMetadata],
      deviceListMetadataVersion: 2
    }
  },
  body: '`1[',
  from: '5493513118613'
}
[QUEUE_SE_ENVIO]:  {
  ref: 'ans_ea32a4be-48e3-4d56-81f9-d2f48c790ecd',
  keyword: 'key_a507932b-1f14-4a41-a075-d942f9c479ac',
  answer: 'Menú Cursos\n' +
    '\n' +
    '1 - ¿Cómo inscribirse a un curso?\n' +
    '2 - ¿En qué fecha y horarios comienza tal curso?\n' +
    '3 - ¿Cómo abono el curso?\n' +
    '4 - ¿Cómo sé sabe el precio del curso?\n' +
    '5 - ¿De qué tratan los cursos y cuales son sus temarios?\n' +
    '\n' +
    '0 - Volver al menú inicial',
  options: {
    media: null,
    buttons: [],
    capture: true,
    child: null,
    delay: 0,
    nested: [
      [Object], [Object],
      [Object], [Object],
      [Object], [Object],
      [Object], [Object],
      [Object], [Object]
    ],
    keyword: {},
    callback: true
  },
  refSerialize: 'd53322f8d51f867f9fdea11a83c50d57'
}
[handleMsg]:  {
  key: {
    remoteJid: '5493513118613@s.whatsapp.net',
    fromMe: false,
    id: '3EB02EDA746C66A3DEFA3D',
    participant: undefined
  },
  messageTimestamp: 1694222441,
  pushName: 'g',
  broadcast: false,
  message: Message {
    extendedTextMessage: ExtendedTextMessage {
      text: '3',
      contextInfo: [ContextInfo],
      inviteLinkGroupTypeV2: 0
    },
    messageContextInfo: MessageContextInfo {
      deviceListMetadata: [DeviceListMetadata],
      deviceListMetadataVersion: 2
    }
  },
  body: '3',
  from: '5493513118613'
}
[QUEUE_SE_ENVIO]:  {
  ref: 'ans_50f3268e-fb03-4859-9640-0e91073af872',
  keyword: 'key_f3d1c3dd-b9d3-41f2-a9f1-6c9be61d30c8',
  answer: '¿Cómo abono el curso?\n' +
    '\n' +
    '- Ingresar la orden de pago: SAF - Orden de Pago (utn.edu.ar), ingresar con tu DNI en usuario y\n' +
    'contraseña\n' +
    '- Debés ingresar a nuestra página web de pagos https://op.frgp.utn.edu.ar/, con tu DNI en\n' +
    'usuario y contraseña. Seleccioná orden de pago y luego el curso y cuota que vas a abonar.\n' +
    '\n' +
    ' Escriba *"menu"* para volver al menu principal\n' +
    'Si tienes mas dudas, escribe *"representante"* para contactarte con uno',
  options: {
    media: null,
    buttons: [],
    capture: true,
    child: null,
    delay: 0,
    nested: [ [Object], [Object] ],
    keyword: {},
    callback: true
  },
  refSerialize: '93c8390e779178431a2957536c641253'
}
[handleMsg]:  {
  key: {
    remoteJid: '5493513118613@s.whatsapp.net',
    fromMe: false,
    id: '3EB0962155426898D6A979',
    participant: undefined
  },
  messageTimestamp: 1694222445,
  pushName: 'g',
  broadcast: false,
  message: Message {
    extendedTextMessage: ExtendedTextMessage {
      text: 'representabte5',
      contextInfo: [ContextInfo],
      inviteLinkGroupTypeV2: 0
    },
    messageContextInfo: MessageContextInfo {
      deviceListMetadata: [DeviceListMetadata],
      deviceListMetadataVersion: 2
    }
  },
  body: 'representabte5',
  from: '5493513118613'
}
